{"C:\\Users\\chama\\OneDrive\\Desktop\\Namaste React\\src\\components\\Contact.js": {"path":"C:\\Users\\chama\\OneDrive\\Desktop\\Namaste React\\src\\components\\Contact.js","statementMap":{"0":{"start":{"line":1,"column":16},"end":{"line":15,"column":1}},"1":{"start":{"line":2,"column":4},"end":{"line":14,"column":5}}},"fnMap":{"0":{"name":"(anonymous_0)","decl":{"start":{"line":1,"column":16},"end":{"line":1,"column":17}},"loc":{"start":{"line":1,"column":20},"end":{"line":15,"column":1}},"line":1}},"branchMap":{},"s":{"0":1,"1":1},"f":{"0":1},"b":{},"_coverageSchema":"1a1c01bbd47fc00a2c39e90264f33305004495a9","hash":"95d529c8faf8affe71c1e1ef859613549ebac520"}
,"C:\\Users\\chama\\OneDrive\\Desktop\\Namaste React\\src\\components\\Header.js": {"path":"C:\\Users\\chama\\OneDrive\\Desktop\\Namaste React\\src\\components\\Header.js","statementMap":{"0":{"start":{"line":7,"column":15},"end":{"line":31,"column":1}},"1":{"start":{"line":8,"column":36},"end":{"line":8,"column":53}},"2":{"start":{"line":9,"column":25},"end":{"line":9,"column":42}},"3":{"start":{"line":10,"column":27},"end":{"line":10,"column":50}},"4":{"start":{"line":11,"column":22},"end":{"line":11,"column":62}},"5":{"start":{"line":11,"column":45},"end":{"line":11,"column":61}},"6":{"start":{"line":12,"column":4},"end":{"line":12,"column":27}},"7":{"start":{"line":13,"column":4},"end":{"line":30,"column":5}},"8":{"start":{"line":26,"column":129},"end":{"line":26,"column":193}}},"fnMap":{"0":{"name":"(anonymous_0)","decl":{"start":{"line":7,"column":15},"end":{"line":7,"column":16}},"loc":{"start":{"line":7,"column":21},"end":{"line":31,"column":1}},"line":7},"1":{"name":"(anonymous_1)","decl":{"start":{"line":11,"column":34},"end":{"line":11,"column":35}},"loc":{"start":{"line":11,"column":45},"end":{"line":11,"column":61}},"line":11},"2":{"name":"(anonymous_2)","decl":{"start":{"line":26,"column":124},"end":{"line":26,"column":125}},"loc":{"start":{"line":26,"column":128},"end":{"line":26,"column":194}},"line":26}},"branchMap":{"0":{"loc":{"start":{"line":20,"column":66},"end":{"line":20,"column":93}},"type":"cond-expr","locations":[{"start":{"line":20,"column":82},"end":{"line":20,"column":86}},{"start":{"line":20,"column":89},"end":{"line":20,"column":93}}],"line":20},"1":{"loc":{"start":{"line":26,"column":129},"end":{"line":26,"column":192}},"type":"cond-expr","locations":[{"start":{"line":26,"column":150},"end":{"line":26,"column":171}},{"start":{"line":26,"column":172},"end":{"line":26,"column":192}}],"line":26}},"s":{"0":1,"1":0,"2":0,"3":0,"4":0,"5":0,"6":0,"7":0,"8":0},"f":{"0":0,"1":0,"2":0},"b":{"0":[0,0],"1":[0,0]},"_coverageSchema":"1a1c01bbd47fc00a2c39e90264f33305004495a9","hash":"b9e5d55a256614673a490b438d758bd66589737b"}
,"C:\\Users\\chama\\OneDrive\\Desktop\\Namaste React\\src\\components\\sum.js": {"path":"C:\\Users\\chama\\OneDrive\\Desktop\\Namaste React\\src\\components\\sum.js","statementMap":{"0":{"start":{"line":1,"column":19},"end":{"line":3,"column":1}},"1":{"start":{"line":2,"column":4},"end":{"line":2,"column":15}}},"fnMap":{"0":{"name":"(anonymous_0)","decl":{"start":{"line":1,"column":19},"end":{"line":1,"column":20}},"loc":{"start":{"line":1,"column":29},"end":{"line":3,"column":1}},"line":1}},"branchMap":{},"s":{"0":1,"1":1},"f":{"0":1},"b":{},"_coverageSchema":"1a1c01bbd47fc00a2c39e90264f33305004495a9","hash":"d3e27a47725bf2709307ad4a66c6bfbb302e19cc"}
,"C:\\Users\\chama\\OneDrive\\Desktop\\Namaste React\\src\\utils\\UserContext.js": {"path":"C:\\Users\\chama\\OneDrive\\Desktop\\Namaste React\\src\\utils\\UserContext.js","statementMap":{"0":{"start":{"line":1,"column":26},"end":{"line":1,"column":42}},"1":{"start":{"line":3,"column":20},"end":{"line":5,"column":2}}},"fnMap":{},"branchMap":{},"s":{"0":1,"1":1},"f":{},"b":{},"_coverageSchema":"1a1c01bbd47fc00a2c39e90264f33305004495a9","hash":"d1485bbb7bb9c67a4c58430297f069458624d9a6"}
,"C:\\Users\\chama\\OneDrive\\Desktop\\Namaste React\\src\\utils\\constants.js": {"path":"C:\\Users\\chama\\OneDrive\\Desktop\\Namaste React\\src\\utils\\constants.js","statementMap":{"0":{"start":{"line":1,"column":24},"end":{"line":1,"column":107}},"1":{"start":{"line":3,"column":25},"end":{"line":3,"column":111}},"2":{"start":{"line":5,"column":24},"end":{"line":5,"column":143}},"3":{"start":{"line":7,"column":25},"end":{"line":7,"column":4865}}},"fnMap":{},"branchMap":{},"s":{"0":1,"1":1,"2":1,"3":1},"f":{},"b":{},"_coverageSchema":"1a1c01bbd47fc00a2c39e90264f33305004495a9","hash":"af12134d7337f2a567115006a02403b467b32c4f"}
,"C:\\Users\\chama\\OneDrive\\Desktop\\Namaste React\\src\\utils\\useOnlineStatus.js": {"path":"C:\\Users\\chama\\OneDrive\\Desktop\\Namaste React\\src\\utils\\useOnlineStatus.js","statementMap":{"0":{"start":{"line":2,"column":24},"end":{"line":13,"column":1}},"1":{"start":{"line":3,"column":44},"end":{"line":3,"column":58}},"2":{"start":{"line":4,"column":4},"end":{"line":11,"column":11}},"3":{"start":{"line":5,"column":8},"end":{"line":7,"column":11}},"4":{"start":{"line":6,"column":12},"end":{"line":6,"column":35}},"5":{"start":{"line":8,"column":8},"end":{"line":10,"column":11}},"6":{"start":{"line":9,"column":12},"end":{"line":9,"column":34}},"7":{"start":{"line":12,"column":4},"end":{"line":12,"column":24}}},"fnMap":{"0":{"name":"(anonymous_0)","decl":{"start":{"line":2,"column":24},"end":{"line":2,"column":25}},"loc":{"start":{"line":2,"column":30},"end":{"line":13,"column":1}},"line":2},"1":{"name":"(anonymous_1)","decl":{"start":{"line":4,"column":14},"end":{"line":4,"column":15}},"loc":{"start":{"line":4,"column":20},"end":{"line":11,"column":5}},"line":4},"2":{"name":"(anonymous_2)","decl":{"start":{"line":5,"column":42},"end":{"line":5,"column":43}},"loc":{"start":{"line":5,"column":47},"end":{"line":7,"column":9}},"line":5},"3":{"name":"(anonymous_3)","decl":{"start":{"line":8,"column":41},"end":{"line":8,"column":42}},"loc":{"start":{"line":8,"column":46},"end":{"line":10,"column":9}},"line":8}},"branchMap":{},"s":{"0":1,"1":0,"2":0,"3":0,"4":0,"5":0,"6":0,"7":0},"f":{"0":0,"1":0,"2":0,"3":0},"b":{},"_coverageSchema":"1a1c01bbd47fc00a2c39e90264f33305004495a9","hash":"09dc8bdefd0c5dfb44c20362df8cea64c305a2f4"}
}
